分词结果：['大数据']
分词结果：['大数据']
分词结果：['大数据']
分词结果：['大数据']
分词结果：['大数据']
分词结果：['大数据']
分词结果：['大数据']
分词结果：['大数据']
分词结果：['大数据']
分词结果：['大数据']
分词结果：['大数据']
分词结果：['大数据']
分词结果：['大数据']
分词结果：['大数据']
分词结果：['大数据']
分词结果：['大数据']
分词结果：['人工智能']
分词结果：['人工智能']
分词结果：['人工智能']
分词结果：['人工智能']
分词结果：['人工智能']
分词结果：['人工智能']
分词结果：['大数据', '互联网']
分词结果：['大数据', '区块链']
分词结果：['大数据', '互联网']
分词结果：['大数据', '互联网']
分词结果：['大数据', '区块链']
change dir to E:\Code\Python\others\Paper/spider
change dir to E:\Code\Python\others\Paper/spider
change dir to E:\Code\Python\others\Paper/spider
run_spider error
分词结果：['大数据', '区块链']
change dir to E:\Code\Python\others\Paper/spider
change dir to E:\Code\Python\others\Paper/spider
change dir to E:\Code\Python\others\Paper/spider
run_spider error
分词结果：['大数据', '区块链']
change dir to E:\Code\Python\others\Paper/spider
change dir to E:\Code\Python\others\Paper/spider
change dir to E:\Code\Python\others\Paper/spider
run_spider error
分词结果：['大数据', '区块链']
change dir to E:\Code\Python\others\Paper/spider
change dir to E:\Code\Python\others\Paper/spider
change dir to E:\Code\Python\others\Paper/spider
分词结果：['大数据', '区块链']
change dir to E:\Code\Python\others\Paper/spider
change dir to E:\Code\Python\others\Paper/spider
change dir to E:\Code\Python\others\Paper/spider
run_spider finished
run_spider finished
run_spider finished
crawler was successful
分词结果：['大数据', '区块链']
分词结果：['大数据', '区块链']
分词结果：['大数据', '区块链']
分词结果：['大数据', '区块链']
分词结果：['大数据', '区块链']
分词结果：['大数据', '区块链']
分词结果：['大数据', '区块链']
分词结果：['大数据', '区块链']
分词结果：['大数据', '区块链']
分词结果：['大数据', '区块链']
分词结果：['大数据', '区块链']
分词结果：['大数据', '区块链']
分词结果：['大数据', '区块链']
分词结果：['大数据', '区块链']
分词结果：['大数据', '区块链']
分词结果：['大数据', '区块链']
分词结果：['大数据', '区块链']
分词结果：['大数据', '区块链']
分词结果：['大数据', '区块链']
分词结果：['大数据', '区块链']
分词结果：['大数据', '区块链']
分词结果：['大数据', '区块链']
分词结果：['大数据', '区块链']
分词结果：['大数据', '区块链']
分词结果：['大数据', '区块链']
分词结果：['大数据', '区块链']
分词结果：['大数据', '区块链']
分词结果：['大数据', '区块链']
分词结果：['大数据', '区块链']
分词结果：['大数据', '区块链']
分词结果：['大数据', '区块链']
分词结果：['大数据', '区块链']
分词结果：['大数据', '区块链']
分词结果：['大数据', '区块链']
分词结果：['大数据', '区块链']
分词结果：['大数据', '区块链']
分词结果：['大数据', '区块链']
分词结果：['大数据', '区块链']
分词结果：['大数据', '区块链']
分词结果：['大数据', '区块链']
分词结果：['大数据', '区块链']
分词结果：['大数据', '区块链']
分词结果：['大数据', '区块链']
分词结果：['大数据']
分词结果：['大数据', '区块链']
分词结果：['大数据']
分词结果：['大数据', '区块链']
分词结果：['大数据']
分词结果：['大数据']
分词结果：['大数据']
分词结果：['大数据']
分词结果：['大数据', '区块链']
分词结果：['大数据', '区块链']
分词结果：['大数据', '区块链']
分词结果：['大数据', '区块链']
分词结果：['大数据', '区块链']
分词结果：['大数据', '区块链']
分词结果：['大数据', '区块链']
分词结果：['大数据', '区块链']
分词结果：['大数据', '区块链']
分词结果：['大数据']
分词结果：['区块链']
分词结果：['区块链']
分词结果：['区块链']
分词结果：['区块链']
分词结果：['区块链']
分词结果：['区块链']
分词结果：['区块链']
分词结果：['区块链']
分词结果：['大数据']
分词结果：['大数据', '区块链']
分词结果：['大数据']
分词结果：['大数据']
分词结果：['大数据']
分词结果：['大数据']
分词结果：['大数据']
分词结果：['大数据']
分词结果：['大数据']
分词结果：['大数据']
